<?xml version="1.0" encoding="UTF-8"?>
<testsuite xmlns:xsi="http://www.w3.org/2001/XMLSchema-instance" xsi:noNamespaceSchemaLocation="https://maven.apache.org/surefire/maven-surefire-plugin/xsd/surefire-test-report-3.0.xsd" version="3.0" name="com.example.AppTest" time="0.02" tests="1" errors="0" skipped="0" failures="0">
  <properties>
    <property name="java.specification.version" value="21"/>
    <property name="sun.cpu.isalist" value="amd64"/>
    <property name="sun.jnu.encoding" value="Cp1252"/>
    <property name="java.class.path" value="C:\Users\Juan\OneDrive\Documentos\AppColegios\backend\target\test-classes;C:\Users\Juan\OneDrive\Documentos\AppColegios\backend\target\classes;C:\Users\Juan\.m2\repository\com\amazonaws\aws-lambda-java-core\1.2.3\aws-lambda-java-core-1.2.3.jar;C:\Users\Juan\.m2\repository\com\amazonaws\aws-lambda-java-events\3.11.3\aws-lambda-java-events-3.11.3.jar;C:\Users\Juan\.m2\repository\joda-time\joda-time\2.10.8\joda-time-2.10.8.jar;C:\Users\Juan\.m2\repository\software\amazon\awssdk\dynamodb\2.25.8\dynamodb-2.25.8.jar;C:\Users\Juan\.m2\repository\software\amazon\awssdk\aws-json-protocol\2.25.8\aws-json-protocol-2.25.8.jar;C:\Users\Juan\.m2\repository\software\amazon\awssdk\third-party-jackson-core\2.25.8\third-party-jackson-core-2.25.8.jar;C:\Users\Juan\.m2\repository\software\amazon\awssdk\protocol-core\2.25.8\protocol-core-2.25.8.jar;C:\Users\Juan\.m2\repository\software\amazon\awssdk\profiles\2.25.8\profiles-2.25.8.jar;C:\Users\Juan\.m2\repository\software\amazon\awssdk\http-auth-aws\2.25.8\http-auth-aws-2.25.8.jar;C:\Users\Juan\.m2\repository\software\amazon\awssdk\checksums-spi\2.25.8\checksums-spi-2.25.8.jar;C:\Users\Juan\.m2\repository\software\amazon\awssdk\checksums\2.25.8\checksums-2.25.8.jar;C:\Users\Juan\.m2\repository\software\amazon\awssdk\sdk-core\2.25.8\sdk-core-2.25.8.jar;C:\Users\Juan\.m2\repository\org\reactivestreams\reactive-streams\1.0.4\reactive-streams-1.0.4.jar;C:\Users\Juan\.m2\repository\software\amazon\awssdk\auth\2.25.8\auth-2.25.8.jar;C:\Users\Juan\.m2\repository\software\amazon\eventstream\eventstream\1.0.1\eventstream-1.0.1.jar;C:\Users\Juan\.m2\repository\software\amazon\awssdk\http-auth-spi\2.25.8\http-auth-spi-2.25.8.jar;C:\Users\Juan\.m2\repository\software\amazon\awssdk\http-auth\2.25.8\http-auth-2.25.8.jar;C:\Users\Juan\.m2\repository\software\amazon\awssdk\identity-spi\2.25.8\identity-spi-2.25.8.jar;C:\Users\Juan\.m2\repository\software\amazon\awssdk\http-client-spi\2.25.8\http-client-spi-2.25.8.jar;C:\Users\Juan\.m2\repository\software\amazon\awssdk\regions\2.25.8\regions-2.25.8.jar;C:\Users\Juan\.m2\repository\software\amazon\awssdk\annotations\2.25.8\annotations-2.25.8.jar;C:\Users\Juan\.m2\repository\software\amazon\awssdk\utils\2.25.8\utils-2.25.8.jar;C:\Users\Juan\.m2\repository\software\amazon\awssdk\aws-core\2.25.8\aws-core-2.25.8.jar;C:\Users\Juan\.m2\repository\software\amazon\awssdk\metrics-spi\2.25.8\metrics-spi-2.25.8.jar;C:\Users\Juan\.m2\repository\software\amazon\awssdk\json-utils\2.25.8\json-utils-2.25.8.jar;C:\Users\Juan\.m2\repository\software\amazon\awssdk\endpoints-spi\2.25.8\endpoints-spi-2.25.8.jar;C:\Users\Juan\.m2\repository\software\amazon\awssdk\apache-client\2.25.8\apache-client-2.25.8.jar;C:\Users\Juan\.m2\repository\org\apache\httpcomponents\httpclient\4.5.13\httpclient-4.5.13.jar;C:\Users\Juan\.m2\repository\commons-logging\commons-logging\1.2\commons-logging-1.2.jar;C:\Users\Juan\.m2\repository\org\apache\httpcomponents\httpcore\4.4.13\httpcore-4.4.13.jar;C:\Users\Juan\.m2\repository\commons-codec\commons-codec\1.15\commons-codec-1.15.jar;C:\Users\Juan\.m2\repository\software\amazon\awssdk\netty-nio-client\2.25.8\netty-nio-client-2.25.8.jar;C:\Users\Juan\.m2\repository\io\netty\netty-codec-http\4.1.107.Final\netty-codec-http-4.1.107.Final.jar;C:\Users\Juan\.m2\repository\io\netty\netty-codec-http2\4.1.107.Final\netty-codec-http2-4.1.107.Final.jar;C:\Users\Juan\.m2\repository\io\netty\netty-codec\4.1.107.Final\netty-codec-4.1.107.Final.jar;C:\Users\Juan\.m2\repository\io\netty\netty-transport\4.1.107.Final\netty-transport-4.1.107.Final.jar;C:\Users\Juan\.m2\repository\io\netty\netty-common\4.1.107.Final\netty-common-4.1.107.Final.jar;C:\Users\Juan\.m2\repository\io\netty\netty-buffer\4.1.107.Final\netty-buffer-4.1.107.Final.jar;C:\Users\Juan\.m2\repository\io\netty\netty-handler\4.1.107.Final\netty-handler-4.1.107.Final.jar;C:\Users\Juan\.m2\repository\io\netty\netty-transport-native-unix-common\4.1.107.Final\netty-transport-native-unix-common-4.1.107.Final.jar;C:\Users\Juan\.m2\repository\io\netty\netty-transport-classes-epoll\4.1.107.Final\netty-transport-classes-epoll-4.1.107.Final.jar;C:\Users\Juan\.m2\repository\io\netty\netty-resolver\4.1.107.Final\netty-resolver-4.1.107.Final.jar;C:\Users\Juan\.m2\repository\com\fasterxml\jackson\core\jackson-databind\2.17.2\jackson-databind-2.17.2.jar;C:\Users\Juan\.m2\repository\com\fasterxml\jackson\core\jackson-annotations\2.17.2\jackson-annotations-2.17.2.jar;C:\Users\Juan\.m2\repository\com\fasterxml\jackson\core\jackson-core\2.17.2\jackson-core-2.17.2.jar;C:\Users\Juan\.m2\repository\org\slf4j\slf4j-simple\2.0.13\slf4j-simple-2.0.13.jar;C:\Users\Juan\.m2\repository\org\slf4j\slf4j-api\2.0.13\slf4j-api-2.0.13.jar;C:\Users\Juan\.m2\repository\com\amazonaws\aws-lambda-java-log4j2\1.5.1\aws-lambda-java-log4j2-1.5.1.jar;C:\Users\Juan\.m2\repository\org\apache\logging\log4j\log4j-core\2.17.1\log4j-core-2.17.1.jar;C:\Users\Juan\.m2\repository\org\apache\logging\log4j\log4j-api\2.17.1\log4j-api-2.17.1.jar;C:\Users\Juan\.m2\repository\junit\junit\3.8.1\junit-3.8.1.jar;"/>
    <property name="java.vm.vendor" value="Oracle Corporation"/>
    <property name="sun.arch.data.model" value="64"/>
    <property name="user.variant" value=""/>
    <property name="java.vendor.url" value="https://java.oracle.com/"/>
    <property name="user.timezone" value="America/Bogota"/>
    <property name="os.name" value="Windows 11"/>
    <property name="java.vm.specification.version" value="21"/>
    <property name="sun.java.launcher" value="SUN_STANDARD"/>
    <property name="user.country" value="US"/>
    <property name="sun.boot.library.path" value="C:\Program Files\Java\jdk-21\bin"/>
    <property name="sun.java.command" value="C:\Users\Juan\AppData\Local\Temp\surefire14907017744049080872\surefirebooter-20251015153035882_3.jar C:\Users\Juan\AppData\Local\Temp\surefire14907017744049080872 2025-10-15T15-30-35_743-jvmRun1 surefire-20251015153035882_1tmp surefire_0-20251015153035882_2tmp"/>
    <property name="jdk.debug" value="release"/>
    <property name="surefire.test.class.path" value="C:\Users\Juan\OneDrive\Documentos\AppColegios\backend\target\test-classes;C:\Users\Juan\OneDrive\Documentos\AppColegios\backend\target\classes;C:\Users\Juan\.m2\repository\com\amazonaws\aws-lambda-java-core\1.2.3\aws-lambda-java-core-1.2.3.jar;C:\Users\Juan\.m2\repository\com\amazonaws\aws-lambda-java-events\3.11.3\aws-lambda-java-events-3.11.3.jar;C:\Users\Juan\.m2\repository\joda-time\joda-time\2.10.8\joda-time-2.10.8.jar;C:\Users\Juan\.m2\repository\software\amazon\awssdk\dynamodb\2.25.8\dynamodb-2.25.8.jar;C:\Users\Juan\.m2\repository\software\amazon\awssdk\aws-json-protocol\2.25.8\aws-json-protocol-2.25.8.jar;C:\Users\Juan\.m2\repository\software\amazon\awssdk\third-party-jackson-core\2.25.8\third-party-jackson-core-2.25.8.jar;C:\Users\Juan\.m2\repository\software\amazon\awssdk\protocol-core\2.25.8\protocol-core-2.25.8.jar;C:\Users\Juan\.m2\repository\software\amazon\awssdk\profiles\2.25.8\profiles-2.25.8.jar;C:\Users\Juan\.m2\repository\software\amazon\awssdk\http-auth-aws\2.25.8\http-auth-aws-2.25.8.jar;C:\Users\Juan\.m2\repository\software\amazon\awssdk\checksums-spi\2.25.8\checksums-spi-2.25.8.jar;C:\Users\Juan\.m2\repository\software\amazon\awssdk\checksums\2.25.8\checksums-2.25.8.jar;C:\Users\Juan\.m2\repository\software\amazon\awssdk\sdk-core\2.25.8\sdk-core-2.25.8.jar;C:\Users\Juan\.m2\repository\org\reactivestreams\reactive-streams\1.0.4\reactive-streams-1.0.4.jar;C:\Users\Juan\.m2\repository\software\amazon\awssdk\auth\2.25.8\auth-2.25.8.jar;C:\Users\Juan\.m2\repository\software\amazon\eventstream\eventstream\1.0.1\eventstream-1.0.1.jar;C:\Users\Juan\.m2\repository\software\amazon\awssdk\http-auth-spi\2.25.8\http-auth-spi-2.25.8.jar;C:\Users\Juan\.m2\repository\software\amazon\awssdk\http-auth\2.25.8\http-auth-2.25.8.jar;C:\Users\Juan\.m2\repository\software\amazon\awssdk\identity-spi\2.25.8\identity-spi-2.25.8.jar;C:\Users\Juan\.m2\repository\software\amazon\awssdk\http-client-spi\2.25.8\http-client-spi-2.25.8.jar;C:\Users\Juan\.m2\repository\software\amazon\awssdk\regions\2.25.8\regions-2.25.8.jar;C:\Users\Juan\.m2\repository\software\amazon\awssdk\annotations\2.25.8\annotations-2.25.8.jar;C:\Users\Juan\.m2\repository\software\amazon\awssdk\utils\2.25.8\utils-2.25.8.jar;C:\Users\Juan\.m2\repository\software\amazon\awssdk\aws-core\2.25.8\aws-core-2.25.8.jar;C:\Users\Juan\.m2\repository\software\amazon\awssdk\metrics-spi\2.25.8\metrics-spi-2.25.8.jar;C:\Users\Juan\.m2\repository\software\amazon\awssdk\json-utils\2.25.8\json-utils-2.25.8.jar;C:\Users\Juan\.m2\repository\software\amazon\awssdk\endpoints-spi\2.25.8\endpoints-spi-2.25.8.jar;C:\Users\Juan\.m2\repository\software\amazon\awssdk\apache-client\2.25.8\apache-client-2.25.8.jar;C:\Users\Juan\.m2\repository\org\apache\httpcomponents\httpclient\4.5.13\httpclient-4.5.13.jar;C:\Users\Juan\.m2\repository\commons-logging\commons-logging\1.2\commons-logging-1.2.jar;C:\Users\Juan\.m2\repository\org\apache\httpcomponents\httpcore\4.4.13\httpcore-4.4.13.jar;C:\Users\Juan\.m2\repository\commons-codec\commons-codec\1.15\commons-codec-1.15.jar;C:\Users\Juan\.m2\repository\software\amazon\awssdk\netty-nio-client\2.25.8\netty-nio-client-2.25.8.jar;C:\Users\Juan\.m2\repository\io\netty\netty-codec-http\4.1.107.Final\netty-codec-http-4.1.107.Final.jar;C:\Users\Juan\.m2\repository\io\netty\netty-codec-http2\4.1.107.Final\netty-codec-http2-4.1.107.Final.jar;C:\Users\Juan\.m2\repository\io\netty\netty-codec\4.1.107.Final\netty-codec-4.1.107.Final.jar;C:\Users\Juan\.m2\repository\io\netty\netty-transport\4.1.107.Final\netty-transport-4.1.107.Final.jar;C:\Users\Juan\.m2\repository\io\netty\netty-common\4.1.107.Final\netty-common-4.1.107.Final.jar;C:\Users\Juan\.m2\repository\io\netty\netty-buffer\4.1.107.Final\netty-buffer-4.1.107.Final.jar;C:\Users\Juan\.m2\repository\io\netty\netty-handler\4.1.107.Final\netty-handler-4.1.107.Final.jar;C:\Users\Juan\.m2\repository\io\netty\netty-transport-native-unix-common\4.1.107.Final\netty-transport-native-unix-common-4.1.107.Final.jar;C:\Users\Juan\.m2\repository\io\netty\netty-transport-classes-epoll\4.1.107.Final\netty-transport-classes-epoll-4.1.107.Final.jar;C:\Users\Juan\.m2\repository\io\netty\netty-resolver\4.1.107.Final\netty-resolver-4.1.107.Final.jar;C:\Users\Juan\.m2\repository\com\fasterxml\jackson\core\jackson-databind\2.17.2\jackson-databind-2.17.2.jar;C:\Users\Juan\.m2\repository\com\fasterxml\jackson\core\jackson-annotations\2.17.2\jackson-annotations-2.17.2.jar;C:\Users\Juan\.m2\repository\com\fasterxml\jackson\core\jackson-core\2.17.2\jackson-core-2.17.2.jar;C:\Users\Juan\.m2\repository\org\slf4j\slf4j-simple\2.0.13\slf4j-simple-2.0.13.jar;C:\Users\Juan\.m2\repository\org\slf4j\slf4j-api\2.0.13\slf4j-api-2.0.13.jar;C:\Users\Juan\.m2\repository\com\amazonaws\aws-lambda-java-log4j2\1.5.1\aws-lambda-java-log4j2-1.5.1.jar;C:\Users\Juan\.m2\repository\org\apache\logging\log4j\log4j-core\2.17.1\log4j-core-2.17.1.jar;C:\Users\Juan\.m2\repository\org\apache\logging\log4j\log4j-api\2.17.1\log4j-api-2.17.1.jar;C:\Users\Juan\.m2\repository\junit\junit\3.8.1\junit-3.8.1.jar;"/>
    <property name="sun.cpu.endian" value="little"/>
    <property name="user.home" value="C:\Users\Juan"/>
    <property name="user.language" value="en"/>
    <property name="java.specification.vendor" value="Oracle Corporation"/>
    <property name="java.version.date" value="2023-10-17"/>
    <property name="java.home" value="C:\Program Files\Java\jdk-21"/>
    <property name="file.separator" value="\"/>
    <property name="basedir" value="C:\Users\Juan\OneDrive\Documentos\AppColegios\backend"/>
    <property name="java.vm.compressedOopsMode" value="Zero based"/>
    <property name="line.separator" value="&#10;"/>
    <property name="java.vm.specification.vendor" value="Oracle Corporation"/>
    <property name="java.specification.name" value="Java Platform API Specification"/>
    <property name="surefire.real.class.path" value="C:\Users\Juan\AppData\Local\Temp\surefire14907017744049080872\surefirebooter-20251015153035882_3.jar"/>
    <property name="user.script" value=""/>
    <property name="sun.management.compiler" value="HotSpot 64-Bit Tiered Compilers"/>
    <property name="java.runtime.version" value="21.0.1+12-LTS-29"/>
    <property name="user.name" value="Juan"/>
    <property name="stdout.encoding" value="Cp1252"/>
    <property name="path.separator" value=";"/>
    <property name="os.version" value="10.0"/>
    <property name="java.runtime.name" value="Java(TM) SE Runtime Environment"/>
    <property name="file.encoding" value="UTF-8"/>
    <property name="java.vm.name" value="Java HotSpot(TM) 64-Bit Server VM"/>
    <property name="localRepository" value="C:\Users\Juan\.m2\repository"/>
    <property name="java.vendor.url.bug" value="https://bugreport.java.com/bugreport/"/>
    <property name="java.io.tmpdir" value="C:\Users\Juan\AppData\Local\Temp\"/>
    <property name="java.version" value="21.0.1"/>
    <property name="user.dir" value="C:\Users\Juan\OneDrive\Documentos\AppColegios\backend"/>
    <property name="os.arch" value="amd64"/>
    <property name="java.vm.specification.name" value="Java Virtual Machine Specification"/>
    <property name="sun.os.patch.level" value=""/>
    <property name="native.encoding" value="Cp1252"/>
    <property name="java.library.path" value="C:\Program Files\Java\jdk-21\bin;C:\WINDOWS\Sun\Java\bin;C:\WINDOWS\system32;C:\WINDOWS;C:\Python312\Scripts\;C:\Python312\;C:\Program Files\Common Files\Oracle\Java\javapath;C:\WINDOWS\system32;C:\WINDOWS;C:\WINDOWS\System32\Wbem;C:\WINDOWS\System32\WindowsPowerShell\v1.0\;C:\WINDOWS\System32\OpenSSH\;C:\Program Files\Git\cmd;C:\Program Files (x86)\Microsoft SQL Server\160\Tools\Binn\;C:\Program Files\Microsoft SQL Server\160\Tools\Binn\;C:\Program Files\Microsoft SQL Server\Client SDK\ODBC\170\Tools\Binn\;C:\Program Files\Microsoft SQL Server\160\DTS\Binn\;C:\Program Files (x86)\Microsoft SQL Server\160\DTS\Binn\;C:\Program Files\Azure Data Studio\bin;C:\workspace\apache-maven-3.9.11\bin;C:\Program Files\OpenSSL-Win64\bin;C:\Program Files\MySQL\MySQL Server 8.0\bin;C:\Program Files\Java\jdk-21\bin;C:\Program Files\nodejs\;C:\ProgramData\chocolatey\bin;C:\Program Files\Docker\Docker\resources\bin;C:\Program Files\dotnet\;C:\Program Files\Elixir\bin;C:\Program Files\Erlang OTP\bin;C:\Users\Juan\AppData\Local\Microsoft\WindowsApps;C:\Microsoft VS Code\bin;C:\Program Files\Azure Data Studio\bin;C:\Program Files\MySQL\MySQL Server 8.0\bin;C:\Users\Juan\AppData\Roaming\npm;C:\Program Files\JetBrains\WebStorm 2024.2.4\bin;C:\Users\Juan\AppData\Local\atom\bin;."/>
    <property name="java.vm.info" value="mixed mode, sharing"/>
    <property name="stderr.encoding" value="Cp1252"/>
    <property name="java.vendor" value="Oracle Corporation"/>
    <property name="java.vm.version" value="21.0.1+12-LTS-29"/>
    <property name="sun.io.unicode.encoding" value="UnicodeLittle"/>
    <property name="java.class.version" value="65.0"/>
  </properties>
  <testcase name="testApp" classname="com.example.AppTest" time="0.003"/>
</testsuite>